💰 Sistema de cálculo de splits da plataforma inicializado
⏰ Jobs agendados:
  - Rastreio Correios: a cada 15 minutos
  - Verificação de pagamento: a cada 5 minutos
  - Verificação AfterPay: diariamente às 00:00
  - Expiração PIX: a cada 1 hora
  - Expiração Boleto: diariamente às 06:00
🚀 Servidor rodando na porta 3001
📊 API disponível em http://localhost:3001/api
💳 Endpoints de pagamento disponíveis:
   - POST /api/payments/pix/generate
   - POST /api/payments/boleto/generate
   - POST /api/payments/credit-card/process
🤝 Endpoints de afiliação disponíveis:
   - GET  /api/affiliations/status/:productId/:userId
   - POST /api/affiliations
   - PATCH /api/affiliations/:id/approve
⚡ Turbina Scores: Execute manualmente 'node migrations/add-turbina-score.js'
⏰ Turbina Scores atualizam automaticamente a cada 1 hora via cron job
🚚 Executando job de rastreio Correios...
💰 Executando job de verificação de pagamento...
💰 Executando job de verificação de pagamento...
💰 Executando job de verificação de pagamento...
🚚 Executando job de rastreio Correios...
💰 Executando job de verificação de pagamento...
🛒 Executando job de detecção de carrinhos abandonados...
💰 Executando job de verificação de pagamento...
💰 Executando job de verificação de pagamento...
🚚 Executando job de rastreio Correios...
💰 Executando job de verificação de pagamento...
💰 Executando job de verificação de pagamento...
💰 Executando job de verificação de pagamento...
🚚 Executando job de rastreio Correios...
💰 Executando job de verificação de pagamento...
💎 Executando job de expiração PIX...
⚡ Executando job de atualização de Turbina Scores...
📊 Atualizando Turbina Scores...
ℹ️  Nenhuma atualização necessária
✅ Turbina Scores atualizados: 0 produto(s)
🛒 Executando job de detecção de carrinhos abandonados...
💰 Executando job de verificação de pagamento...
💰 Executando job de verificação de pagamento...
🚚 Executando job de rastreio Correios...
💰 Executando job de verificação de pagamento...
💰 Executando job de verificação de pagamento...
💰 Executando job de verificação de pagamento...
🚚 Executando job de rastreio Correios...
💰 Executando job de verificação de pagamento...
🛒 Executando job de detecção de carrinhos abandonados...
💰 Executando job de verificação de pagamento...
💰 Executando job de verificação de pagamento...
🚚 Executando job de rastreio Correios...
💰 Executando job de verificação de pagamento...
💰 Executando job de verificação de pagamento...
💰 Executando job de verificação de pagamento...
🚚 Executando job de rastreio Correios...
💰 Executando job de verificação de pagamento...
💎 Executando job de expiração PIX...
⚡ Executando job de atualização de Turbina Scores...
📊 Atualizando Turbina Scores...
ℹ️  Nenhuma atualização necessária
✅ Turbina Scores atualizados: 0 produto(s)
🛒 Executando job de detecção de carrinhos abandonados...
💰 Executando job de verificação de pagamento...
💰 Executando job de verificação de pagamento...
🚚 Executando job de rastreio Correios...
💰 Executando job de verificação de pagamento...
💰 Executando job de verificação de pagamento...
💰 Executando job de verificação de pagamento...
🚚 Executando job de rastreio Correios...
💰 Executando job de verificação de pagamento...
🛒 Executando job de detecção de carrinhos abandonados...
💰 Executando job de verificação de pagamento...
💰 Executando job de verificação de pagamento...
🚚 Executando job de rastreio Correios...
💰 Executando job de verificação de pagamento...
